<?xml version="1.0" encoding="UTF-8"?>
<!-- Generated by org.testng.reporters.JUnitReportReporter -->
<testsuite skipped="0" hostname="LAPTOP-IBR61I8L" name="remoteTesting.dockerValidation.Chrometest2" tests="1" failures="0" timestamp="30 Jul 2020 10:46:52 GMT" time="4.170" errors="0">
  <testcase name="test1" time="4.170" classname="remoteTesting.dockerValidation.Chrometest2"/>
</testsuite> <!-- remoteTesting.dockerValidation.Chrometest2 -->
