<?xml version="1.0" encoding="UTF-8"?>
<!-- Generated by org.testng.reporters.JUnitReportReporter -->
<testsuite skipped="0" hostname="LAPTOP-IBR61I8L" name="remoteTesting.dockerValidation.Chrometest3" tests="1" failures="0" timestamp="30 Jul 2020 10:46:52 GMT" time="3.329" errors="0">
  <testcase name="test1" time="3.329" classname="remoteTesting.dockerValidation.Chrometest3"/>
</testsuite> <!-- remoteTesting.dockerValidation.Chrometest3 -->
